android/app/build/intermediates/manifest_merge_blame_file/release/processReleaseMainManifest/manifest-merger-blame-release-report.txt
1<?xml version="1.0" encoding="utf-8"?>
2<manifest xmlns:android="http://schemas.android.com/apk/res/android"
3    package="com.example.women_security_app"
4    android:versionCode="1"
5    android:versionName="1.0" >
6
7    <uses-sdk
8        android:minSdkVersion="21"
9        android:targetSdkVersion="33" />
10
11    <!-- ✅ Required Permissions -->
12    <uses-permission android:name="android.permission.SEND_SMS" />
12-->src\main\AndroidManifest.xml:5:5-67
12-->src\main\AndroidManifest.xml:5:22-64
13    <uses-permission android:name="android.permission.ACCESS_FINE_LOCATION" />
13-->src\main\AndroidManifest.xml:6:5-79
13-->src\main\AndroidManifest.xml:6:22-76
14    <uses-permission android:name="android.permission.ACCESS_COARSE_LOCATION" />
14-->src\main\AndroidManifest.xml:7:5-81
14-->src\main\AndroidManifest.xml:7:22-78
15    <uses-permission android:name="android.permission.POST_NOTIFICATIONS" />
15-->src\main\AndroidManifest.xml:8:5-77
15-->src\main\AndroidManifest.xml:8:22-74
16
17    <!-- 📦 Plugin support (do not delete) -->
18    <queries>
18-->src\main\AndroidManifest.xml:44:5-49:15
19        <intent>
19-->src\main\AndroidManifest.xml:45:9-48:18
20            <action android:name="android.intent.action.PROCESS_TEXT" />
20-->src\main\AndroidManifest.xml:46:13-72
20-->src\main\AndroidManifest.xml:46:21-70
21
22            <data android:mimeType="text/plain" />
22-->src\main\AndroidManifest.xml:47:13-50
22-->src\main\AndroidManifest.xml:47:19-48
23        </intent>
24    </queries>
25
26    <application
27        android:name="android.app.Application"
27-->src\main\AndroidManifest.xml:12:9-42
28        android:extractNativeLibs="true"
29        android:icon="@mipmap/ic_launcher"
29-->src\main\AndroidManifest.xml:13:9-43
30        android:label="women_security_app" >
30-->src\main\AndroidManifest.xml:11:9-43
31
32        <!-- ✅ Required for SMS & location on older Android versions -->
33        <uses-library
33-->src\main\AndroidManifest.xml:16:9-88
34            android:name="org.apache.http.legacy"
34-->src\main\AndroidManifest.xml:16:23-60
35            android:required="false" />
35-->src\main\AndroidManifest.xml:16:61-85
36
37        <activity
37-->src\main\AndroidManifest.xml:18:9-36:20
38            android:name="com.example.women_security_app.MainActivity"
38-->src\main\AndroidManifest.xml:19:13-41
39            android:configChanges="orientation|keyboardHidden|keyboard|screenSize|smallestScreenSize|locale|layoutDirection|fontScale|screenLayout|density|uiMode"
39-->src\main\AndroidManifest.xml:24:13-163
40            android:exported="true"
40-->src\main\AndroidManifest.xml:20:13-36
41            android:hardwareAccelerated="true"
41-->src\main\AndroidManifest.xml:25:13-47
42            android:launchMode="singleTop"
42-->src\main\AndroidManifest.xml:21:13-43
43            android:taskAffinity=""
43-->src\main\AndroidManifest.xml:22:13-36
44            android:theme="@style/LaunchTheme"
44-->src\main\AndroidManifest.xml:23:13-47
45            android:windowSoftInputMode="adjustResize" >
45-->src\main\AndroidManifest.xml:26:13-55
46            <meta-data
46-->src\main\AndroidManifest.xml:28:13-31:17
47                android:name="io.flutter.embedding.android.NormalTheme"
47-->src\main\AndroidManifest.xml:29:15-70
48                android:resource="@style/NormalTheme" />
48-->src\main\AndroidManifest.xml:30:15-52
49
50            <intent-filter>
50-->src\main\AndroidManifest.xml:32:13-35:29
51                <action android:name="android.intent.action.MAIN" />
51-->src\main\AndroidManifest.xml:33:17-68
51-->src\main\AndroidManifest.xml:33:25-66
52
53                <category android:name="android.intent.category.LAUNCHER" />
53-->src\main\AndroidManifest.xml:34:17-76
53-->src\main\AndroidManifest.xml:34:27-74
54            </intent-filter>
55        </activity>
56
57        <meta-data
57-->src\main\AndroidManifest.xml:38:9-40:33
58            android:name="flutterEmbedding"
58-->src\main\AndroidManifest.xml:39:13-44
59            android:value="2" />
59-->src\main\AndroidManifest.xml:40:13-30
60    </application>
61
62</manifest>